<?xml version="1.0" encoding="UTF-8"?>
<testsuite name="nl.tudelft.jpacman.fuzzer.JPacmanFuzzer" tests="1" skipped="1" failures="0" errors="0" timestamp="2025-07-29T05:55:45" hostname="DESKTOP-TAEMN0N" time="0.0">
  <properties/>
  <testcase name="fuzzerTest(RepetitionInfo)" classname="nl.tudelft.jpacman.fuzzer.JPacmanFuzzer" time="0.0">
    <skipped/>
  </testcase>
  <system-out><![CDATA[]]></system-out>
  <system-err><![CDATA[]]></system-err>
</testsuite>
