<?xml version="1.0" encoding="UTF-8"?>
<testsuite name="nl.tudelft.jpacman.board.SquareTest" tests="3" skipped="0" failures="0" errors="0" timestamp="2025-07-29T05:55:45" hostname="DESKTOP-TAEMN0N" time="0.064">
  <properties/>
  <testcase name="testLeave()" classname="nl.tudelft.jpacman.board.SquareTest" time="0.056"/>
  <testcase name="testOrder()" classname="nl.tudelft.jpacman.board.SquareTest" time="0.002"/>
  <testcase name="testOccupy()" classname="nl.tudelft.jpacman.board.SquareTest" time="0.004"/>
  <system-out><![CDATA[]]></system-out>
  <system-err><![CDATA[]]></system-err>
</testsuite>
