<?xml version="1.0" encoding="UTF-8"?>
<testsuite name="nl.tudelft.jpacman.board.BoardTest" tests="5" skipped="0" failures="0" errors="0" timestamp="2025-07-29T05:55:44" hostname="DESKTOP-TAEMN0N" time="0.16">
  <properties/>
  <testcase name="verifyWidth()" classname="nl.tudelft.jpacman.board.BoardTest" time="0.002"/>
  <testcase name="verifyHeight()" classname="nl.tudelft.jpacman.board.BoardTest" time="0.001"/>
  <testcase name="[1] 0, 0" classname="nl.tudelft.jpacman.board.BoardTest" time="0.04"/>
  <testcase name="[2] 1, 2" classname="nl.tudelft.jpacman.board.BoardTest" time="0.006"/>
  <testcase name="[3] 0, 1" classname="nl.tudelft.jpacman.board.BoardTest" time="0.004"/>
  <system-out><![CDATA[]]></system-out>
  <system-err><![CDATA[]]></system-err>
</testsuite>
